  stdafx.cpp
  KMv0.2.cpp
c:\users\tobiasz\desktop\projekt mk tobiasz branch\copy\mk-s\kmv0.2\start.h(64): warning C4244: 'argument': conversion from 'const int' to 'float', possible loss of data
c:\users\tobiasz\desktop\projekt mk tobiasz branch\copy\mk-s\kmv0.2\start.h(70): warning C4244: 'argument': conversion from 'const int' to 'float', possible loss of data
c:\users\tobiasz\desktop\projekt mk tobiasz branch\copy\mk-s\kmv0.2\start.h(76): warning C4244: 'argument': conversion from 'const int' to 'float', possible loss of data
c:\users\tobiasz\desktop\projekt mk tobiasz branch\copy\mk-s\kmv0.2\start.h(82): warning C4244: 'argument': conversion from 'const int' to 'float', possible loss of data
c:\users\tobiasz\desktop\projekt mk tobiasz branch\copy\mk-s\kmv0.2\start.h(88): warning C4244: 'argument': conversion from 'const int' to 'float', possible loss of data
c:\users\tobiasz\desktop\projekt mk tobiasz branch\copy\mk-s\kmv0.2\start.h(95): warning C4244: 'argument': conversion from 'const int' to 'float', possible loss of data
c:\users\tobiasz\desktop\projekt mk tobiasz branch\copy\mk-s\kmv0.2\start.h(108): warning C4244: 'argument': conversion from 'const int' to 'float', possible loss of data
c:\users\tobiasz\desktop\projekt mk tobiasz branch\copy\mk-s\kmv0.2\start.h(202): warning C4244: 'argument': conversion from 'const int' to 'float', possible loss of data
c:\users\tobiasz\desktop\projekt mk tobiasz branch\copy\mk-s\kmv0.2\start.h(62): warning C4996: 'sf::Text::setColor': was declared deprecated
  c:\users\tobiasz\desktop\sfml\external libraries\sfml\include\sfml\graphics\text.hpp(210): note: see declaration of 'sf::Text::setColor'
c:\users\tobiasz\desktop\projekt mk tobiasz branch\copy\mk-s\kmv0.2\start.h(68): warning C4996: 'sf::Text::setColor': was declared deprecated
  c:\users\tobiasz\desktop\sfml\external libraries\sfml\include\sfml\graphics\text.hpp(210): note: see declaration of 'sf::Text::setColor'
c:\users\tobiasz\desktop\projekt mk tobiasz branch\copy\mk-s\kmv0.2\start.h(74): warning C4996: 'sf::Text::setColor': was declared deprecated
  c:\users\tobiasz\desktop\sfml\external libraries\sfml\include\sfml\graphics\text.hpp(210): note: see declaration of 'sf::Text::setColor'
c:\users\tobiasz\desktop\projekt mk tobiasz branch\copy\mk-s\kmv0.2\start.h(80): warning C4996: 'sf::Text::setColor': was declared deprecated
  c:\users\tobiasz\desktop\sfml\external libraries\sfml\include\sfml\graphics\text.hpp(210): note: see declaration of 'sf::Text::setColor'
c:\users\tobiasz\desktop\projekt mk tobiasz branch\copy\mk-s\kmv0.2\start.h(86): warning C4996: 'sf::Text::setColor': was declared deprecated
  c:\users\tobiasz\desktop\sfml\external libraries\sfml\include\sfml\graphics\text.hpp(210): note: see declaration of 'sf::Text::setColor'
c:\users\tobiasz\desktop\projekt mk tobiasz branch\copy\mk-s\kmv0.2\start.h(93): warning C4996: 'sf::Text::setColor': was declared deprecated
  c:\users\tobiasz\desktop\sfml\external libraries\sfml\include\sfml\graphics\text.hpp(210): note: see declaration of 'sf::Text::setColor'
c:\users\tobiasz\desktop\projekt mk tobiasz branch\copy\mk-s\kmv0.2\start.h(106): warning C4996: 'sf::Text::setColor': was declared deprecated
  c:\users\tobiasz\desktop\sfml\external libraries\sfml\include\sfml\graphics\text.hpp(210): note: see declaration of 'sf::Text::setColor'
c:\users\tobiasz\desktop\projekt mk tobiasz branch\copy\mk-s\kmv0.2\easy_mode.h(34): warning C4244: 'argument': conversion from 'time_t' to 'unsigned int', possible loss of data
c:\users\tobiasz\desktop\projekt mk tobiasz branch\copy\mk-s\kmv0.2\easy_mode.h(49): warning C4244: 'argument': conversion from 'int' to 'float', possible loss of data
c:\users\tobiasz\desktop\projekt mk tobiasz branch\copy\mk-s\kmv0.2\easy_mode.h(54): warning C4244: 'argument': conversion from 'int' to 'float', possible loss of data
c:\users\tobiasz\desktop\projekt mk tobiasz branch\copy\mk-s\kmv0.2\easy_mode.h(47): warning C4996: 'sf::Text::setColor': was declared deprecated
  c:\users\tobiasz\desktop\sfml\external libraries\sfml\include\sfml\graphics\text.hpp(210): note: see declaration of 'sf::Text::setColor'
c:\users\tobiasz\desktop\projekt mk tobiasz branch\copy\mk-s\kmv0.2\easy_mode.h(52): warning C4996: 'sf::Text::setColor': was declared deprecated
  c:\users\tobiasz\desktop\sfml\external libraries\sfml\include\sfml\graphics\text.hpp(210): note: see declaration of 'sf::Text::setColor'
c:\users\tobiasz\desktop\projekt mk tobiasz branch\copy\mk-s\kmv0.2\easy_mode.h(36): warning C4101: 'key': unreferenced local variable
c:\users\tobiasz\desktop\projekt mk tobiasz branch\copy\mk-s\kmv0.2\training_mode.h(38): warning C4244: 'argument': conversion from 'int' to 'float', possible loss of data
c:\users\tobiasz\desktop\projekt mk tobiasz branch\copy\mk-s\kmv0.2\training_mode.h(63): warning C4244: 'argument': conversion from 'int' to 'float', possible loss of data
c:\users\tobiasz\desktop\projekt mk tobiasz branch\copy\mk-s\kmv0.2\training_mode.h(36): warning C4996: 'sf::Text::setColor': was declared deprecated
  c:\users\tobiasz\desktop\sfml\external libraries\sfml\include\sfml\graphics\text.hpp(210): note: see declaration of 'sf::Text::setColor'
c:\users\tobiasz\desktop\projekt mk tobiasz branch\copy\mk-s\kmv0.2\training_mode.h(26): warning C4101: 'random': unreferenced local variable
c:\users\tobiasz\desktop\projekt mk tobiasz branch\copy\mk-s\kmv0.2\medium_mode.h(30): warning C4244: 'argument': conversion from 'int' to 'float', possible loss of data
c:\users\tobiasz\desktop\projekt mk tobiasz branch\copy\mk-s\kmv0.2\medium_mode.h(63): warning C4244: 'argument': conversion from 'int' to 'float', possible loss of data
c:\users\tobiasz\desktop\projekt mk tobiasz branch\copy\mk-s\kmv0.2\medium_mode.h(69): warning C4244: 'argument': conversion from 'int' to 'float', possible loss of data
c:\users\tobiasz\desktop\projekt mk tobiasz branch\copy\mk-s\kmv0.2\medium_mode.h(75): warning C4244: 'argument': conversion from 'int' to 'float', possible loss of data
c:\users\tobiasz\desktop\projekt mk tobiasz branch\copy\mk-s\kmv0.2\medium_mode.h(28): warning C4996: 'sf::Text::setColor': was declared deprecated
  c:\users\tobiasz\desktop\sfml\external libraries\sfml\include\sfml\graphics\text.hpp(210): note: see declaration of 'sf::Text::setColor'
c:\users\tobiasz\desktop\projekt mk tobiasz branch\copy\mk-s\kmv0.2\medium_mode.h(61): warning C4996: 'sf::Text::setColor': was declared deprecated
  c:\users\tobiasz\desktop\sfml\external libraries\sfml\include\sfml\graphics\text.hpp(210): note: see declaration of 'sf::Text::setColor'
c:\users\tobiasz\desktop\projekt mk tobiasz branch\copy\mk-s\kmv0.2\medium_mode.h(67): warning C4996: 'sf::Text::setColor': was declared deprecated
  c:\users\tobiasz\desktop\sfml\external libraries\sfml\include\sfml\graphics\text.hpp(210): note: see declaration of 'sf::Text::setColor'
c:\users\tobiasz\desktop\projekt mk tobiasz branch\copy\mk-s\kmv0.2\medium_mode.h(73): warning C4996: 'sf::Text::setColor': was declared deprecated
  c:\users\tobiasz\desktop\sfml\external libraries\sfml\include\sfml\graphics\text.hpp(210): note: see declaration of 'sf::Text::setColor'
c:\users\tobiasz\desktop\projekt mk tobiasz branch\copy\mk-s\kmv0.2\hard_mode.h(21): warning C4244: 'argument': conversion from 'int' to 'float', possible loss of data
c:\users\tobiasz\desktop\projekt mk tobiasz branch\copy\mk-s\kmv0.2\hard_mode.h(56): warning C4244: 'argument': conversion from 'int' to 'float', possible loss of data
c:\users\tobiasz\desktop\projekt mk tobiasz branch\copy\mk-s\kmv0.2\hard_mode.h(62): warning C4244: 'argument': conversion from 'int' to 'float', possible loss of data
c:\users\tobiasz\desktop\projekt mk tobiasz branch\copy\mk-s\kmv0.2\hard_mode.h(68): warning C4244: 'argument': conversion from 'int' to 'float', possible loss of data
c:\users\tobiasz\desktop\projekt mk tobiasz branch\copy\mk-s\kmv0.2\hard_mode.h(19): warning C4996: 'sf::Text::setColor': was declared deprecated
  c:\users\tobiasz\desktop\sfml\external libraries\sfml\include\sfml\graphics\text.hpp(210): note: see declaration of 'sf::Text::setColor'
c:\users\tobiasz\desktop\projekt mk tobiasz branch\copy\mk-s\kmv0.2\hard_mode.h(54): warning C4996: 'sf::Text::setColor': was declared deprecated
  c:\users\tobiasz\desktop\sfml\external libraries\sfml\include\sfml\graphics\text.hpp(210): note: see declaration of 'sf::Text::setColor'
c:\users\tobiasz\desktop\projekt mk tobiasz branch\copy\mk-s\kmv0.2\hard_mode.h(60): warning C4996: 'sf::Text::setColor': was declared deprecated
  c:\users\tobiasz\desktop\sfml\external libraries\sfml\include\sfml\graphics\text.hpp(210): note: see declaration of 'sf::Text::setColor'
c:\users\tobiasz\desktop\projekt mk tobiasz branch\copy\mk-s\kmv0.2\hard_mode.h(66): warning C4996: 'sf::Text::setColor': was declared deprecated
  c:\users\tobiasz\desktop\sfml\external libraries\sfml\include\sfml\graphics\text.hpp(210): note: see declaration of 'sf::Text::setColor'
c:\users\tobiasz\desktop\projekt mk tobiasz branch\copy\mk-s\kmv0.2\help_mode.h(22): warning C4244: 'argument': conversion from 'int' to 'float', possible loss of data
c:\users\tobiasz\desktop\projekt mk tobiasz branch\copy\mk-s\kmv0.2\help_mode.h(20): warning C4996: 'sf::Text::setColor': was declared deprecated
  c:\users\tobiasz\desktop\sfml\external libraries\sfml\include\sfml\graphics\text.hpp(210): note: see declaration of 'sf::Text::setColor'
  Generating code
  347 of 352 functions (98.6%) were compiled, the rest were copied from previous compilation.
    0 functions were new in current compilation
    0 functions had inline decision re-evaluated but remain unchanged
  Finished generating code
  KMv0.2.vcxproj -> C:\Users\Tobiasz\Desktop\Projekt MK Tobiasz Branch\copy\MK-s\x64\Release\KMv0.2.exe
